<?xml version="1.0" encoding="UTF-8"?>
<testng-results skipped="0" failed="0" ignored="0" total="1" passed="1">
  <reporter-output>
    <line>
      <![CDATA[jayanth]]>
    </line>
  </reporter-output>
  <suite name="Suite" duration-ms="57" started-at="2022-01-14T08:00:35Z" finished-at="2022-01-14T08:00:35Z">
    <groups>
    </groups>
    <test name="Test" duration-ms="57" started-at="2022-01-14T08:00:35Z" finished-at="2022-01-14T08:00:35Z">
      <class name="Project1.Javacsa">
        <test-method status="PASS" signature="test1()[pri:0, instance:Project1.Javacsa@cb644e]" name="test1" duration-ms="16" started-at="2022-01-14T08:00:35Z" finished-at="2022-01-14T08:00:35Z">
          <reporter-output>
            <line>
              <![CDATA[jayanth]]>
            </line>
          </reporter-output>
        </test-method> <!-- test1 -->
      </class> <!-- Project1.Javacsa -->
    </test> <!-- Test -->
  </suite> <!-- Suite -->
</testng-results>
